Using pre-set license

 COMMAND LINE ARGUMENTS:
/Applications/Unity/Unity.app/Contents/MacOS/Unity
-adb2
-batchMode
-noUpm
-name
AssetImportWorker0
-projectPath
/Users/aliciashanahan/Desktop/gdd/projects/GGGproject3/GGGproj3
-logFile
Logs/AssetImportWorker0.log
-srvPort
59159
Successfully changed project path to: /Users/aliciashanahan/Desktop/gdd/projects/GGGproject3/GGGproj3
/Users/aliciashanahan/Desktop/gdd/projects/GGGproject3/GGGproj3
Using Asset Import Pipeline V2.
Refreshing native plugins compatible for Editor in 123.52 ms, found 3 plugins.
Preloading 0 native plugins for Editor in 0.00 ms.
Initialize engine version: 2021.1.7f1 (d91830b65d9b)
[Subsystems] Discovering subsystems at path /Applications/Unity/Unity.app/Contents/Resources/UnitySubsystems
[Subsystems] Discovering subsystems at path /Users/aliciashanahan/Desktop/gdd/projects/GGGproject3/GGGproj3/Assets
GfxDevice: creating device client; threaded=0; jobified=0
2021-10-15 17:45:11.463 Unity[81547:3738343] Color LCD preferred device: Intel(R) Iris(TM) Plus Graphics (low power)
2021-10-15 17:45:11.463 Unity[81547:3738343] Metal devices available: 1
2021-10-15 17:45:11.464 Unity[81547:3738343] 0: Intel(R) Iris(TM) Plus Graphics (low power)
2021-10-15 17:45:11.465 Unity[81547:3738343] Using device Intel(R) Iris(TM) Plus Graphics (low power)
Initializing Metal device caps: Intel(R) Iris(TM) Plus Graphics
Initialize mono
Mono path[0] = '/Applications/Unity/Unity.app/Contents/Managed'
Mono path[1] = '/Applications/Unity/Unity.app/Contents/MonoBleedingEdge/lib/mono/unityjit'
Mono config path = '/Applications/Unity/Unity.app/Contents/MonoBleedingEdge/etc'
Using monoOptions --debugger-agent=transport=dt_socket,embedding=1,server=y,suspend=n,address=127.0.0.1:56547
Begin MonoManager ReloadAssembly
Registering precompiled unity dll's ...
Register platform support module: /Applications/Unity/Unity.app/Contents/PlaybackEngines/MacStandaloneSupport/UnityEditor.OSXStandalone.Extensions.dll
Registered in 0.000546 seconds.
Native extension for OSXStandalone target not found
Refreshing native plugins compatible for Editor in 106.67 ms, found 3 plugins.
Preloading 0 native plugins for Editor in 0.00 ms.
Mono: successfully reloaded assembly
- Completed reload, in  2.499 seconds
Platform modules already initialized, skipping
Registering precompiled user dll's ...
Registered in 0.002796 seconds.
Begin MonoManager ReloadAssembly
Symbol file LoadedFromMemory doesn't match image /Users/aliciashanahan/Desktop/gdd/projects/GGGproject3/GGGproj3/Library/PackageCache/com.unity.visualscripting@1.6.1/Editor/VisualScripting.Core/Dependencies/YamlDotNet/Unity.VisualScripting.YamlDotNet.dll
Symbol file LoadedFromMemory doesn't match image /Users/aliciashanahan/Desktop/gdd/projects/GGGproject3/GGGproj3/Library/PackageCache/com.unity.visualscripting@1.6.1/Editor/VisualScripting.Core/Dependencies/DotNetZip/Unity.VisualScripting.IonicZip.dll
Native extension for OSXStandalone target not found
Refreshing native plugins compatible for Editor in 105.17 ms, found 3 plugins.
Preloading 0 native plugins for Editor in 0.00 ms.
Mono: successfully reloaded assembly
- Completed reload, in  1.684 seconds
Platform modules already initialized, skipping
========================================================================
Worker process is ready to serve import requests
Launching external process: /Applications/Unity/Unity.app/Contents/Tools/UnityShaderCompiler
Launched and connected shader compiler UnityShaderCompiler after 0.01 seconds
Refreshing native plugins compatible for Editor in 0.68 ms, found 3 plugins.
Preloading 0 native plugins for Editor in 0.00 ms.
Unloading 3663 Unused Serialized files (Serialized files now loaded: 0)
System memory in use before: 227.8 MB.
System memory in use after: 227.8 MB.

Unloading 37 unused Assets to reduce memory usage. Loaded Objects now: 4108.
Total: 3.348232 ms (FindLiveObjects: 0.313470 ms CreateObjectMapping: 0.157474 ms MarkObjects: 2.749931 ms  DeleteObjects: 0.125934 ms)

========================================================================
Received Import Request.
  path: Assets/Scripts/EnemyScripts/EnemyMovement.cs
  artifactKey: Guid(d787ded65382042c686f83a1f897392a) Importer(815301076,1909f56bfc062723c751e8b465ee728b)
Start importing Assets/Scripts/EnemyScripts/EnemyMovement.cs using Guid(d787ded65382042c686f83a1f897392a) Importer(815301076,1909f56bfc062723c751e8b465ee728b)  -> (artifact id: 'a7df7362124ff570e2df68b00a210285') in 0.480830 seconds 
========================================================================
Received Prepare
Registering precompiled user dll's ...
Registered in 0.004154 seconds.
Begin MonoManager ReloadAssembly
Symbol file LoadedFromMemory doesn't match image /Users/aliciashanahan/Desktop/gdd/projects/GGGproject3/GGGproj3/Library/PackageCache/com.unity.visualscripting@1.6.1/Editor/VisualScripting.Core/Dependencies/YamlDotNet/Unity.VisualScripting.YamlDotNet.dll
Symbol file LoadedFromMemory doesn't match image /Users/aliciashanahan/Desktop/gdd/projects/GGGproject3/GGGproj3/Library/PackageCache/com.unity.visualscripting@1.6.1/Editor/VisualScripting.Core/Dependencies/DotNetZip/Unity.VisualScripting.IonicZip.dll
Native extension for OSXStandalone target not found
Refreshing native plugins compatible for Editor in 0.78 ms, found 3 plugins.
Preloading 0 native plugins for Editor in 0.00 ms.
Mono: successfully reloaded assembly
- Completed reload, in  2.163 seconds
Platform modules already initialized, skipping
Refreshing native plugins compatible for Editor in 0.73 ms, found 3 plugins.
Preloading 0 native plugins for Editor in 0.00 ms.
Unloading 3658 Unused Serialized files (Serialized files now loaded: 0)
System memory in use before: 232.3 MB.
System memory in use after: 232.4 MB.

Unloading 25 unused Assets to reduce memory usage. Loaded Objects now: 4112.
Total: 4.778256 ms (FindLiveObjects: 0.443730 ms CreateObjectMapping: 0.265527 ms MarkObjects: 3.928902 ms  DeleteObjects: 0.138704 ms)

